
File has wrong suffix: &

medmInit: Unable to load font widgetDM_4
  Trying default (fixed) instead

medmInit: Unable to load font widgetDM_6
  Trying default (fixed) instead

medmInit: Unable to load font widgetDM_8
  Trying default (fixed) instead

medmInit: Unable to load font widgetDM_10
  Trying default (fixed) instead

medmInit: Unable to load font widgetDM_12
  Trying default (fixed) instead

medmInit: Unable to load font widgetDM_14
  Trying default (fixed) instead

medmInit: Unable to load font widgetDM_16
  Trying default (fixed) instead

medmInit: Unable to load font widgetDM_18
  Trying default (fixed) instead

medmInit: Unable to load font widgetDM_20
  Trying default (fixed) instead

medmInit: Unable to load font widgetDM_22
  Trying default (fixed) instead

medmInit: Unable to load font widgetDM_24
  Trying default (fixed) instead

medmInit: Unable to load font widgetDM_30
  Trying default (fixed) instead

medmInit: Unable to load font widgetDM_36
  Trying default (fixed) instead

medmInit: Unable to load font widgetDM_40
  Trying default (fixed) instead

medmInit: Unable to load font widgetDM_48
  Trying default (fixed) instead

medmInit: Unable to load font widgetDM_60
  Trying default (fixed) instead

MEDM Version 3.1.17: Loading aliased fonts.................

File has wrong suffix: &

medmInit: Unable to load font widgetDM_4
  Trying default (fixed) instead

medmInit: Unable to load font widgetDM_6
  Trying default (fixed) instead

medmInit: Unable to load font widgetDM_8
  Trying default (fixed) instead

medmInit: Unable to load font widgetDM_10
  Trying default (fixed) instead

medmInit: Unable to load font widgetDM_12
  Trying default (fixed) instead

medmInit: Unable to load font widgetDM_14
  Trying default (fixed) instead

medmInit: Unable to load font widgetDM_16
  Trying default (fixed) instead

medmInit: Unable to load font widgetDM_18
  Trying default (fixed) instead

medmInit: Unable to load font widgetDM_20
  Trying default (fixed) instead

medmInit: Unable to load font widgetDM_22
  Trying default (fixed) instead

medmInit: Unable to load font widgetDM_24
  Trying default (fixed) instead

medmInit: Unable to load font widgetDM_30
  Trying default (fixed) instead

medmInit: Unable to load font widgetDM_36
  Trying default (fixed) instead

medmInit: Unable to load font widgetDM_40
  Trying default (fixed) instead

medmInit: Unable to load font widgetDM_48
  Trying default (fixed) instead

medmInit: Unable to load font widgetDM_60
  Trying default (fixed) instead

MEDM Version 3.1.17: Loading aliased fonts.................

File has wrong suffix: &

Ignored -macro command line option
  (Only valid for Execute (-x) mode operation)

medmInit: Unable to load font widgetDM_4
  Trying default (fixed) instead

medmInit: Unable to load font widgetDM_6
  Trying default (fixed) instead

medmInit: Unable to load font widgetDM_8
  Trying default (fixed) instead

medmInit: Unable to load font widgetDM_10
  Trying default (fixed) instead

medmInit: Unable to load font widgetDM_12
  Trying default (fixed) instead

medmInit: Unable to load font widgetDM_14
  Trying default (fixed) instead

medmInit: Unable to load font widgetDM_16
  Trying default (fixed) instead

medmInit: Unable to load font widgetDM_18
  Trying default (fixed) instead

medmInit: Unable to load font widgetDM_20
  Trying default (fixed) instead

medmInit: Unable to load font widgetDM_22
  Trying default (fixed) instead

medmInit: Unable to load font widgetDM_24
  Trying default (fixed) instead

medmInit: Unable to load font widgetDM_30
  Trying default (fixed) instead

medmInit: Unable to load font widgetDM_36
  Trying default (fixed) instead

medmInit: Unable to load font widgetDM_40
  Trying default (fixed) instead

medmInit: Unable to load font widgetDM_48
  Trying default (fixed) instead

medmInit: Unable to load font widgetDM_60
  Trying default (fixed) instead

MEDM Version 3.1.17: Loading aliased fonts.................

File has wrong suffix: &;

File has wrong suffix: exit

medmInit: Unable to load font widgetDM_4
  Trying default (fixed) instead

medmInit: Unable to load font widgetDM_6
  Trying default (fixed) instead

medmInit: Unable to load font widgetDM_8
  Trying default (fixed) instead

medmInit: Unable to load font widgetDM_10
  Trying default (fixed) instead

medmInit: Unable to load font widgetDM_12
  Trying default (fixed) instead

medmInit: Unable to load font widgetDM_14
  Trying default (fixed) instead

medmInit: Unable to load font widgetDM_16
  Trying default (fixed) instead

medmInit: Unable to load font widgetDM_18
  Trying default (fixed) instead

medmInit: Unable to load font widgetDM_20
  Trying default (fixed) instead

medmInit: Unable to load font widgetDM_22
  Trying default (fixed) instead

medmInit: Unable to load font widgetDM_24
  Trying default (fixed) instead

medmInit: Unable to load font widgetDM_30
  Trying default (fixed) instead

medmInit: Unable to load font widgetDM_36
  Trying default (fixed) instead

medmInit: Unable to load font widgetDM_40
  Trying default (fixed) instead

medmInit: Unable to load font widgetDM_48
  Trying default (fixed) instead

medmInit: Unable to load font widgetDM_60
  Trying default (fixed) instead

File has wrong suffix: &;

File has wrong suffix: exit

medmInit: Unable to load font widgetDM_4
  Trying default (fixed) instead

medmInit: Unable to load font widgetDM_6
  Trying default (fixed) instead

medmInit: Unable to load font widgetDM_8
  Trying default (fixed) instead

medmInit: Unable to load font widgetDM_10
  Trying default (fixed) instead

medmInit: Unable to load font widgetDM_12
  Trying default (fixed) instead

medmInit: Unable to load font widgetDM_14
  Trying default (fixed) instead

medmInit: Unable to load font widgetDM_16
  Trying default (fixed) instead

medmInit: Unable to load font widgetDM_18
  Trying default (fixed) instead

medmInit: Unable to load font widgetDM_20
  Trying default (fixed) instead

medmInit: Unable to load font widgetDM_22
  Trying default (fixed) instead

medmInit: Unable to load font widgetDM_24
  Trying default (fixed) instead

medmInit: Unable to load font widgetDM_30
  Trying default (fixed) instead

medmInit: Unable to load font widgetDM_36
  Trying default (fixed) instead

medmInit: Unable to load font widgetDM_40
  Trying default (fixed) instead

medmInit: Unable to load font widgetDM_48
  Trying default (fixed) instead

medmInit: Unable to load font widgetDM_60
  Trying default (fixed) instead

Cannot access file: /home/sesame/medm-files/ADBase.adl

File has wrong suffix: &

medmInit: Unable to load font widgetDM_4
  Trying default (fixed) instead

medmInit: Unable to load font widgetDM_6
  Trying default (fixed) instead

medmInit: Unable to load font widgetDM_8
  Trying default (fixed) instead

medmInit: Unable to load font widgetDM_10
  Trying default (fixed) instead

medmInit: Unable to load font widgetDM_12
  Trying default (fixed) instead

medmInit: Unable to load font widgetDM_14
  Trying default (fixed) instead

medmInit: Unable to load font widgetDM_16
  Trying default (fixed) instead

medmInit: Unable to load font widgetDM_18
  Trying default (fixed) instead

medmInit: Unable to load font widgetDM_20
  Trying default (fixed) instead

medmInit: Unable to load font widgetDM_22
  Trying default (fixed) instead

medmInit: Unable to load font widgetDM_24
  Trying default (fixed) instead

medmInit: Unable to load font widgetDM_30
  Trying default (fixed) instead

medmInit: Unable to load font widgetDM_36
  Trying default (fixed) instead

medmInit: Unable to load font widgetDM_40
  Trying default (fixed) instead

medmInit: Unable to load font widgetDM_48
  Trying default (fixed) instead

medmInit: Unable to load font widgetDM_60
  Trying default (fixed) instead

MEDM Version 3.1.17: Loading aliased fonts.................

MEDM Version 3.1.17: Loading aliased fonts.................

MEDM Version 3.1.17: Loading aliased fonts.................

Cannot access file: /home/sesame/medm-files/ADBase.adl

File has wrong suffix: &

medmInit: Unable to load font widgetDM_4
  Trying default (fixed) instead

medmInit: Unable to load font widgetDM_6
  Trying default (fixed) instead

medmInit: Unable to load font widgetDM_8
  Trying default (fixed) instead

medmInit: Unable to load font widgetDM_10
  Trying default (fixed) instead

medmInit: Unable to load font widgetDM_12
  Trying default (fixed) instead

medmInit: Unable to load font widgetDM_14
  Trying default (fixed) instead

medmInit: Unable to load font widgetDM_16
  Trying default (fixed) instead

medmInit: Unable to load font widgetDM_18
  Trying default (fixed) instead

medmInit: Unable to load font widgetDM_20
  Trying default (fixed) instead

medmInit: Unable to load font widgetDM_22
  Trying default (fixed) instead

medmInit: Unable to load font widgetDM_24
  Trying default (fixed) instead

medmInit: Unable to load font widgetDM_30
  Trying default (fixed) instead

medmInit: Unable to load font widgetDM_36
  Trying default (fixed) instead

medmInit: Unable to load font widgetDM_40
  Trying default (fixed) instead

medmInit: Unable to load font widgetDM_48
  Trying default (fixed) instead

medmInit: Unable to load font widgetDM_60
  Trying default (fixed) instead

MEDM Version 3.1.17: Loading aliased fonts.................

File has wrong suffix: macro

File has wrong suffix: P=TEST-PCO:,R=cam1:

Cannot access file: /home/sesame/medm-files/ADBase.adl

File has wrong suffix: &

medmInit: Unable to load font widgetDM_4
  Trying default (fixed) instead

medmInit: Unable to load font widgetDM_6
  Trying default (fixed) instead

medmInit: Unable to load font widgetDM_8
  Trying default (fixed) instead

medmInit: Unable to load font widgetDM_10
  Trying default (fixed) instead

medmInit: Unable to load font widgetDM_12
  Trying default (fixed) instead

medmInit: Unable to load font widgetDM_14
  Trying default (fixed) instead

medmInit: Unable to load font widgetDM_16
  Trying default (fixed) instead

medmInit: Unable to load font widgetDM_18
  Trying default (fixed) instead

medmInit: Unable to load font widgetDM_20
  Trying default (fixed) instead

medmInit: Unable to load font widgetDM_22
  Trying default (fixed) instead

medmInit: Unable to load font widgetDM_24
  Trying default (fixed) instead

medmInit: Unable to load font widgetDM_30
  Trying default (fixed) instead

medmInit: Unable to load font widgetDM_36
  Trying default (fixed) instead

medmInit: Unable to load font widgetDM_40
  Trying default (fixed) instead

medmInit: Unable to load font widgetDM_48
  Trying default (fixed) instead

medmInit: Unable to load font widgetDM_60
  Trying default (fixed) instead

MEDM Version 3.1.17: Loading aliased fonts.................

File has wrong suffix: macro

File has wrong suffix: P=TEST-PCO:,R=cam1:

Cannot access file: /home/sesame/medm-files/ADBase.adl

File has wrong suffix: &

medmInit: Unable to load font widgetDM_4
  Trying default (fixed) instead

medmInit: Unable to load font widgetDM_6
  Trying default (fixed) instead

medmInit: Unable to load font widgetDM_8
  Trying default (fixed) instead

medmInit: Unable to load font widgetDM_10
  Trying default (fixed) instead

medmInit: Unable to load font widgetDM_12
  Trying default (fixed) instead

medmInit: Unable to load font widgetDM_14
  Trying default (fixed) instead

medmInit: Unable to load font widgetDM_16
  Trying default (fixed) instead

medmInit: Unable to load font widgetDM_18
  Trying default (fixed) instead

medmInit: Unable to load font widgetDM_20
  Trying default (fixed) instead

medmInit: Unable to load font widgetDM_22
  Trying default (fixed) instead

medmInit: Unable to load font widgetDM_24
  Trying default (fixed) instead

medmInit: Unable to load font widgetDM_30
  Trying default (fixed) instead

medmInit: Unable to load font widgetDM_36
  Trying default (fixed) instead

medmInit: Unable to load font widgetDM_40
  Trying default (fixed) instead

medmInit: Unable to load font widgetDM_48
  Trying default (fixed) instead

medmInit: Unable to load font widgetDM_60
  Trying default (fixed) instead

MEDM Version 3.1.17: Loading aliased fonts.................

File has wrong suffix: &

medmInit: Unable to load font widgetDM_4
  Trying default (fixed) instead

medmInit: Unable to load font widgetDM_6
  Trying default (fixed) instead

medmInit: Unable to load font widgetDM_8
  Trying default (fixed) instead

medmInit: Unable to load font widgetDM_10
  Trying default (fixed) instead

medmInit: Unable to load font widgetDM_12
  Trying default (fixed) instead

medmInit: Unable to load font widgetDM_14
  Trying default (fixed) instead

medmInit: Unable to load font widgetDM_16
  Trying default (fixed) instead

medmInit: Unable to load font widgetDM_18
  Trying default (fixed) instead

medmInit: Unable to load font widgetDM_20
  Trying default (fixed) instead

medmInit: Unable to load font widgetDM_22
  Trying default (fixed) instead

medmInit: Unable to load font widgetDM_24
  Trying default (fixed) instead

medmInit: Unable to load font widgetDM_30
  Trying default (fixed) instead

medmInit: Unable to load font widgetDM_36
  Trying default (fixed) instead

medmInit: Unable to load font widgetDM_40
  Trying default (fixed) instead

medmInit: Unable to load font widgetDM_48
  Trying default (fixed) instead

medmInit: Unable to load font widgetDM_60
  Trying default (fixed) instead

MEDM Version 3.1.17: Loading aliased fonts.................
